Longman\TelegramBot\Entities\ServerResponse Object
(
    [bot_username] => KTestX_bot
    [raw_data] => Array
        (
            [ok] => 1
            [result] => Array
                (
                )

        )

    [fields:Longman\TelegramBot\Entities\Entity:private] => Array
        (
            [ok] => 1
            [result] => Array
                (
                )

        )

)
Ошибка: Обновление не содержит сообщения
Longman\TelegramBot\Entities\ServerResponse Object
(
    [bot_username] => KTestX_bot
    [raw_data] => Array
        (
            [ok] => 1
            [result] => Array
                (
                    [0] => Longman\TelegramBot\Entities\Update Object
                        (
                            [bot_username] => KTestX_bot
                            [raw_data] => Array
                                (
                                    [update_id] => 592133442
                                    [message] => Array
                                        (
                                            [message_id] => 162
                                            [from] => Array
                                                (
                                                    [id] => 331207592
                                                    [is_bot] => 
                                                    [first_name] => Kirill
                                                    [last_name] => Sawitskiy
                                                    [username] => kirylsav
                                                    [language_code] => en
                                                )

                                            [chat] => Array
                                                (
                                                    [id] => 331207592
                                                    [first_name] => Kirill
                                                    [last_name] => Sawitskiy
                                                    [username] => kirylsav
                                                    [type] => private
                                                )

                                            [date] => 1721400568
                                            [text] => /start
                                            [entities] => Array
                                                (
                                                    [0] => Array
                                                        (
                                                            [offset] => 0
                                                            [length] => 6
                                                            [type] => bot_command
                                                        )

                                                )

                                        )

                                )

                            [fields:Longman\TelegramBot\Entities\Entity:private] => Array
                                (
                                    [update_id] => 592133442
                                    [message] => Array
                                        (
                                            [message_id] => 162
                                            [from] => Array
                                                (
                                                    [id] => 331207592
                                                    [is_bot] => 
                                                    [first_name] => Kirill
                                                    [last_name] => Sawitskiy
                                                    [username] => kirylsav
                                                    [language_code] => en
                                                )

                                            [chat] => Array
                                                (
                                                    [id] => 331207592
                                                    [first_name] => Kirill
                                                    [last_name] => Sawitskiy
                                                    [username] => kirylsav
                                                    [type] => private
                                                )

                                            [date] => 1721400568
                                            [text] => /start
                                            [entities] => Array
                                                (
                                                    [0] => Array
                                                        (
                                                            [offset] => 0
                                                            [length] => 6
                                                            [type] => bot_command
                                                        )

                                                )

                                        )

                                )

                        )

                )

        )

    [fields:Longman\TelegramBot\Entities\Entity:private] => Array
        (
            [ok] => 1
            [result] => Array
                (
                    [0] => Longman\TelegramBot\Entities\Update Object
                        (
                            [bot_username] => KTestX_bot
                            [raw_data] => Array
                                (
                                    [update_id] => 592133442
                                    [message] => Array
                                        (
                                            [message_id] => 162
                                            [from] => Array
                                                (
                                                    [id] => 331207592
                                                    [is_bot] => 
                                                    [first_name] => Kirill
                                                    [last_name] => Sawitskiy
                                                    [username] => kirylsav
                                                    [language_code] => en
                                                )

                                            [chat] => Array
                                                (
                                                    [id] => 331207592
                                                    [first_name] => Kirill
                                                    [last_name] => Sawitskiy
                                                    [username] => kirylsav
                                                    [type] => private
                                                )

                                            [date] => 1721400568
                                            [text] => /start
                                            [entities] => Array
                                                (
                                                    [0] => Array
                                                        (
                                                            [offset] => 0
                                                            [length] => 6
                                                            [type] => bot_command
                                                        )

                                                )

                                        )

                                )

                            [fields:Longman\TelegramBot\Entities\Entity:private] => Array
                                (
                                    [update_id] => 592133442
                                    [message] => Array
                                        (
                                            [message_id] => 162
                                            [from] => Array
                                                (
                                                    [id] => 331207592
                                                    [is_bot] => 
                                                    [first_name] => Kirill
                                                    [last_name] => Sawitskiy
                                                    [username] => kirylsav
                                                    [language_code] => en
                                                )

                                            [chat] => Array
                                                (
                                                    [id] => 331207592
                                                    [first_name] => Kirill
                                                    [last_name] => Sawitskiy
                                                    [username] => kirylsav
                                                    [type] => private
                                                )

                                            [date] => 1721400568
                                            [text] => /start
                                            [entities] => Array
                                                (
                                                    [0] => Array
                                                        (
                                                            [offset] => 0
                                                            [length] => 6
                                                            [type] => bot_command
                                                        )

                                                )

                                        )

                                )

                        )

                )

        )

)
Ошибка: Обновление не содержит сообщения
Longman\TelegramBot\Entities\ServerResponse Object
(
    [bot_username] => KTestX_bot
    [raw_data] => Array
        (
            [ok] => 1
            [result] => Array
                (
                    [0] => Longman\TelegramBot\Entities\Update Object
                        (
                            [bot_username] => KTestX_bot
                            [raw_data] => Array
                                (
                                    [update_id] => 592133443
                                    [message] => Array
                                        (
                                            [message_id] => 164
                                            [from] => Array
                                                (
                                                    [id] => 331207592
                                                    [is_bot] => 
                                                    [first_name] => Kirill
                                                    [last_name] => Sawitskiy
                                                    [username] => kirylsav
                                                    [language_code] => en
                                                )

                                            [chat] => Array
                                                (
                                                    [id] => 331207592
                                                    [first_name] => Kirill
                                                    [last_name] => Sawitskiy
                                                    [username] => kirylsav
                                                    [type] => private
                                                )

                                            [date] => 1721400577
                                            [text] => 4
                                        )

                                )

                            [fields:Longman\TelegramBot\Entities\Entity:private] => Array
                                (
                                    [update_id] => 592133443
                                    [message] => Array
                                        (
                                            [message_id] => 164
                                            [from] => Array
                                                (
                                                    [id] => 331207592
                                                    [is_bot] => 
                                                    [first_name] => Kirill
                                                    [last_name] => Sawitskiy
                                                    [username] => kirylsav
                                                    [language_code] => en
                                                )

                                            [chat] => Array
                                                (
                                                    [id] => 331207592
                                                    [first_name] => Kirill
                                                    [last_name] => Sawitskiy
                                                    [username] => kirylsav
                                                    [type] => private
                                                )

                                            [date] => 1721400577
                                            [text] => 4
                                        )

                                )

                        )

                )

        )

    [fields:Longman\TelegramBot\Entities\Entity:private] => Array
        (
            [ok] => 1
            [result] => Array
                (
                    [0] => Longman\TelegramBot\Entities\Update Object
                        (
                            [bot_username] => KTestX_bot
                            [raw_data] => Array
                                (
                                    [update_id] => 592133443
                                    [message] => Array
                                        (
                                            [message_id] => 164
                                            [from] => Array
                                                (
                                                    [id] => 331207592
                                                    [is_bot] => 
                                                    [first_name] => Kirill
                                                    [last_name] => Sawitskiy
                                                    [username] => kirylsav
                                                    [language_code] => en
                                                )

                                            [chat] => Array
                                                (
                                                    [id] => 331207592
                                                    [first_name] => Kirill
                                                    [last_name] => Sawitskiy
                                                    [username] => kirylsav
                                                    [type] => private
                                                )

                                            [date] => 1721400577
                                            [text] => 4
                                        )

                                )

                            [fields:Longman\TelegramBot\Entities\Entity:private] => Array
                                (
                                    [update_id] => 592133443
                                    [message] => Array
                                        (
                                            [message_id] => 164
                                            [from] => Array
                                                (
                                                    [id] => 331207592
                                                    [is_bot] => 
                                                    [first_name] => Kirill
                                                    [last_name] => Sawitskiy
                                                    [username] => kirylsav
                                                    [language_code] => en
                                                )

                                            [chat] => Array
                                                (
                                                    [id] => 331207592
                                                    [first_name] => Kirill
                                                    [last_name] => Sawitskiy
                                                    [username] => kirylsav
                                                    [type] => private
                                                )

                                            [date] => 1721400577
                                            [text] => 4
                                        )

                                )

                        )

                )

        )

)
Ошибка: Обновление не содержит сообщения
